2020-04-22 00:00:01,028 INFO 14195 [egg-logrotator] app logger reload: got log-reload message
2020-04-22 00:02:21,676 INFO 14229 [egg:logger] init all loggers with options: {"dir":"/Users/bidao/project/myself/rc-backend/logs/rc-backend","encoding":"utf8","env":"local","level":"INFO","consoleLevel":"INFO","disableConsoleAfterReady":false,"outputJSON":false,"buffer":true,"appLogName":"rc-backend-web.log","coreLogName":"egg-web.log","agentLogName":"egg-agent.log","errorLogName":"common-error.log","coreLogger":{"consoleLevel":"WARN"},"allowDebugAtProd":false,"type":"application"}
2020-04-22 00:02:21,723 INFO 14229 [egg-multipart] stream mode enable
2020-04-22 00:02:22,234 INFO 14229 [egg-static] starting static serve /public/ -> /Users/bidao/project/myself/rc-backend/app/public
2020-04-22 00:02:22,237 INFO 14229 [egg-security] use methodnoallow middleware
2020-04-22 00:02:22,238 INFO 14229 [egg-security] use noopen middleware
2020-04-22 00:02:22,239 INFO 14229 [egg-security] use nosniff middleware
2020-04-22 00:02:22,241 INFO 14229 [egg-security] use xssProtection middleware
2020-04-22 00:02:22,242 INFO 14229 [egg-security] use dta middleware
2020-04-22 00:02:22,242 INFO 14229 [egg-security] compose 5 middlewares into one security middleware
2020-04-22 00:02:22,253 INFO 14229 [egg:core] dump config after load, 7ms
2020-04-22 00:02:22,312 INFO 14229 [egg-watcher:application] watcher start success
2020-04-22 00:02:22,364 INFO 14229 [egg:core] dump config after ready, 4ms
2020-04-22 00:23:18,717 INFO 14329 [egg:logger] init all loggers with options: {"dir":"/Users/bidao/project/myself/rc-backend/logs/rc-backend","encoding":"utf8","env":"local","level":"INFO","consoleLevel":"INFO","disableConsoleAfterReady":false,"outputJSON":false,"buffer":true,"appLogName":"rc-backend-web.log","coreLogName":"egg-web.log","agentLogName":"egg-agent.log","errorLogName":"common-error.log","coreLogger":{"consoleLevel":"WARN"},"allowDebugAtProd":false,"type":"application"}
2020-04-22 00:23:18,744 INFO 14329 [egg-multipart] stream mode enable
2020-04-22 00:23:19,004 INFO 14329 [egg-static] starting static serve /public/ -> /Users/bidao/project/myself/rc-backend/app/public
2020-04-22 00:23:19,006 INFO 14329 [egg-security] use methodnoallow middleware
2020-04-22 00:23:19,007 INFO 14329 [egg-security] use noopen middleware
2020-04-22 00:23:19,007 INFO 14329 [egg-security] use nosniff middleware
2020-04-22 00:23:19,007 INFO 14329 [egg-security] use xssProtection middleware
2020-04-22 00:23:19,007 INFO 14329 [egg-security] use dta middleware
2020-04-22 00:23:19,007 INFO 14329 [egg-security] compose 5 middlewares into one security middleware
2020-04-22 00:23:19,016 INFO 14329 [egg:core] dump config after load, 5ms
2020-04-22 00:23:19,059 INFO 14329 [egg-watcher:application] watcher start success
2020-04-22 00:23:19,115 INFO 14329 [egg:core] dump config after ready, 5ms
2020-04-22 04:54:28,012 WARN 14329 [ClusterClient:Watcher] follower closed, and try to init it again
2020-04-22 09:15:23,123 WARN 14329 [ClusterClient:Watcher] follower closed, and try to init it again
2020-04-22 09:43:06,016 WARN 14329 [TCPBase] socket is closed by other side while there were still unhandled data in the socket buffer
2020-04-22 09:43:06,026 WARN 14329 [ClusterClient:Watcher] follower closed, and try to init it again
2020-04-22 13:03:52,421 INFO 16443 [egg:logger] init all loggers with options: {"dir":"/Users/bidao/project/myself/rc-backend/logs/rc-backend","encoding":"utf8","env":"local","level":"INFO","consoleLevel":"INFO","disableConsoleAfterReady":false,"outputJSON":false,"buffer":true,"appLogName":"rc-backend-web.log","coreLogName":"egg-web.log","agentLogName":"egg-agent.log","errorLogName":"common-error.log","coreLogger":{"consoleLevel":"WARN"},"allowDebugAtProd":false,"type":"application"}
2020-04-22 13:03:52,457 INFO 16443 [egg-multipart] stream mode enable
2020-04-22 13:03:52,788 INFO 16443 [egg-static] starting static serve /public/ -> /Users/bidao/project/myself/rc-backend/app/public
2020-04-22 13:03:52,792 INFO 16443 [egg-security] use methodnoallow middleware
2020-04-22 13:03:52,794 INFO 16443 [egg-security] use noopen middleware
2020-04-22 13:03:52,795 INFO 16443 [egg-security] use nosniff middleware
2020-04-22 13:03:52,797 INFO 16443 [egg-security] use xssProtection middleware
2020-04-22 13:03:52,798 INFO 16443 [egg-security] use dta middleware
2020-04-22 13:03:52,798 INFO 16443 [egg-security] compose 5 middlewares into one security middleware
2020-04-22 13:03:52,811 INFO 16443 [egg:core] dump config after load, 7ms
2020-04-22 13:03:52,849 INFO 16443 [egg-watcher:application] watcher start success
2020-04-22 13:03:52,930 INFO 16443 [egg:core] dump config after ready, 4ms
2020-04-22 13:07:19,330 INFO 16465 [egg:logger] init all loggers with options: {"dir":"/Users/bidao/project/myself/rc-backend/logs/rc-backend","encoding":"utf8","env":"local","level":"INFO","consoleLevel":"INFO","disableConsoleAfterReady":false,"outputJSON":false,"buffer":true,"appLogName":"rc-backend-web.log","coreLogName":"egg-web.log","agentLogName":"egg-agent.log","errorLogName":"common-error.log","coreLogger":{"consoleLevel":"WARN"},"allowDebugAtProd":false,"type":"application"}
2020-04-22 13:07:19,366 INFO 16465 [egg-multipart] stream mode enable
2020-04-22 13:07:19,950 INFO 16465 [egg-static] starting static serve /public/ -> /Users/bidao/project/myself/rc-backend/app/public
2020-04-22 13:07:19,953 INFO 16465 [egg-security] use methodnoallow middleware
2020-04-22 13:07:19,954 INFO 16465 [egg-security] use noopen middleware
2020-04-22 13:07:19,955 INFO 16465 [egg-security] use nosniff middleware
2020-04-22 13:07:19,956 INFO 16465 [egg-security] use xssProtection middleware
2020-04-22 13:07:19,957 INFO 16465 [egg-security] use dta middleware
2020-04-22 13:07:19,957 INFO 16465 [egg-security] compose 5 middlewares into one security middleware
2020-04-22 13:07:19,968 INFO 16465 [egg:core] dump config after load, 7ms
2020-04-22 13:07:20,010 INFO 16465 [egg-watcher:application] watcher start success
2020-04-22 13:07:20,070 INFO 16465 [egg:core] dump config after ready, 4ms
2020-04-22 13:07:32,692 INFO 16467 [egg:logger] init all loggers with options: {"dir":"/Users/bidao/project/myself/rc-backend/logs/rc-backend","encoding":"utf8","env":"local","level":"INFO","consoleLevel":"INFO","disableConsoleAfterReady":false,"outputJSON":false,"buffer":true,"appLogName":"rc-backend-web.log","coreLogName":"egg-web.log","agentLogName":"egg-agent.log","errorLogName":"common-error.log","coreLogger":{"consoleLevel":"WARN"},"allowDebugAtProd":false,"type":"application"}
2020-04-22 13:07:32,716 INFO 16467 [egg-multipart] stream mode enable
2020-04-22 13:07:32,933 INFO 16467 [egg-static] starting static serve /public/ -> /Users/bidao/project/myself/rc-backend/app/public
2020-04-22 13:07:32,935 INFO 16467 [egg-security] use methodnoallow middleware
2020-04-22 13:07:32,935 INFO 16467 [egg-security] use noopen middleware
2020-04-22 13:07:32,936 INFO 16467 [egg-security] use nosniff middleware
2020-04-22 13:07:32,936 INFO 16467 [egg-security] use xssProtection middleware
2020-04-22 13:07:32,936 INFO 16467 [egg-security] use dta middleware
2020-04-22 13:07:32,936 INFO 16467 [egg-security] compose 5 middlewares into one security middleware
2020-04-22 13:07:32,943 INFO 16467 [egg:core] dump config after load, 4ms
2020-04-22 13:07:32,982 INFO 16467 [egg-watcher:application] watcher start success
2020-04-22 13:07:33,076 INFO 16467 [egg:core] dump config after ready, 5ms
2020-04-22 13:07:52,805 INFO 16473 [egg:logger] init all loggers with options: {"dir":"/Users/bidao/project/myself/rc-backend/logs/rc-backend","encoding":"utf8","env":"local","level":"INFO","consoleLevel":"INFO","disableConsoleAfterReady":false,"outputJSON":false,"buffer":true,"appLogName":"rc-backend-web.log","coreLogName":"egg-web.log","agentLogName":"egg-agent.log","errorLogName":"common-error.log","coreLogger":{"consoleLevel":"WARN"},"allowDebugAtProd":false,"type":"application"}
2020-04-22 13:07:52,834 INFO 16473 [egg-multipart] stream mode enable
2020-04-22 13:07:53,111 INFO 16473 [egg-static] starting static serve /public/ -> /Users/bidao/project/myself/rc-backend/app/public
2020-04-22 13:07:53,114 INFO 16473 [egg-security] use methodnoallow middleware
2020-04-22 13:07:53,114 INFO 16473 [egg-security] use noopen middleware
2020-04-22 13:07:53,114 INFO 16473 [egg-security] use nosniff middleware
2020-04-22 13:07:53,115 INFO 16473 [egg-security] use xssProtection middleware
2020-04-22 13:07:53,115 INFO 16473 [egg-security] use dta middleware
2020-04-22 13:07:53,115 INFO 16473 [egg-security] compose 5 middlewares into one security middleware
2020-04-22 13:07:53,126 INFO 16473 [egg:core] dump config after load, 7ms
2020-04-22 13:07:53,191 INFO 16473 [egg-watcher:application] watcher start success
2020-04-22 13:07:53,247 INFO 16473 [egg:core] dump config after ready, 3ms
2020-04-22 13:51:05,410 INFO 16572 [egg:logger] init all loggers with options: {"dir":"/Users/bidao/project/myself/rc-backend/logs/rc-backend","encoding":"utf8","env":"local","level":"INFO","consoleLevel":"INFO","disableConsoleAfterReady":false,"outputJSON":false,"buffer":true,"appLogName":"rc-backend-web.log","coreLogName":"egg-web.log","agentLogName":"egg-agent.log","errorLogName":"common-error.log","coreLogger":{"consoleLevel":"WARN"},"allowDebugAtProd":false,"type":"application"}
2020-04-22 13:51:05,456 INFO 16572 [egg-multipart] stream mode enable
2020-04-22 13:51:06,098 INFO 16572 [egg-static] starting static serve /public/ -> /Users/bidao/project/myself/rc-backend/app/public
2020-04-22 13:51:06,102 INFO 16572 [egg-security] use methodnoallow middleware
2020-04-22 13:51:06,102 INFO 16572 [egg-security] use noopen middleware
2020-04-22 13:51:06,103 INFO 16572 [egg-security] use nosniff middleware
2020-04-22 13:51:06,105 INFO 16572 [egg-security] use xssProtection middleware
2020-04-22 13:51:06,105 INFO 16572 [egg-security] use dta middleware
2020-04-22 13:51:06,105 INFO 16572 [egg-security] compose 5 middlewares into one security middleware
2020-04-22 13:51:06,116 INFO 16572 [egg:core] dump config after load, 6ms
2020-04-22 13:51:06,155 INFO 16572 [egg-watcher:application] watcher start success
2020-04-22 13:51:06,230 INFO 16572 [egg:core] dump config after ready, 5ms
2020-04-22 13:51:12,284 INFO 16574 [egg:logger] init all loggers with options: {"dir":"/Users/bidao/project/myself/rc-backend/logs/rc-backend","encoding":"utf8","env":"local","level":"INFO","consoleLevel":"INFO","disableConsoleAfterReady":false,"outputJSON":false,"buffer":true,"appLogName":"rc-backend-web.log","coreLogName":"egg-web.log","agentLogName":"egg-agent.log","errorLogName":"common-error.log","coreLogger":{"consoleLevel":"WARN"},"allowDebugAtProd":false,"type":"application"}
2020-04-22 13:51:12,315 INFO 16574 [egg-multipart] stream mode enable
2020-04-22 13:51:12,576 INFO 16574 [egg-static] starting static serve /public/ -> /Users/bidao/project/myself/rc-backend/app/public
2020-04-22 13:51:12,578 INFO 16574 [egg-security] use methodnoallow middleware
2020-04-22 13:51:12,579 INFO 16574 [egg-security] use noopen middleware
2020-04-22 13:51:12,579 INFO 16574 [egg-security] use nosniff middleware
2020-04-22 13:51:12,579 INFO 16574 [egg-security] use xssProtection middleware
2020-04-22 13:51:12,579 INFO 16574 [egg-security] use dta middleware
2020-04-22 13:51:12,579 INFO 16574 [egg-security] compose 5 middlewares into one security middleware
2020-04-22 13:51:12,589 INFO 16574 [egg:core] dump config after load, 6ms
2020-04-22 13:51:12,652 INFO 16574 [egg-watcher:application] watcher start success
2020-04-22 13:51:12,714 INFO 16574 [egg:core] dump config after ready, 8ms
2020-04-22 13:51:31,766 INFO 16576 [egg:logger] init all loggers with options: {"dir":"/Users/bidao/project/myself/rc-backend/logs/rc-backend","encoding":"utf8","env":"local","level":"INFO","consoleLevel":"INFO","disableConsoleAfterReady":false,"outputJSON":false,"buffer":true,"appLogName":"rc-backend-web.log","coreLogName":"egg-web.log","agentLogName":"egg-agent.log","errorLogName":"common-error.log","coreLogger":{"consoleLevel":"WARN"},"allowDebugAtProd":false,"type":"application"}
2020-04-22 13:51:31,799 INFO 16576 [egg-multipart] stream mode enable
2020-04-22 13:51:32,221 INFO 16576 [egg-static] starting static serve /public/ -> /Users/bidao/project/myself/rc-backend/app/public
2020-04-22 13:51:32,224 INFO 16576 [egg-security] use methodnoallow middleware
2020-04-22 13:51:32,225 INFO 16576 [egg-security] use noopen middleware
2020-04-22 13:51:32,225 INFO 16576 [egg-security] use nosniff middleware
2020-04-22 13:51:32,226 INFO 16576 [egg-security] use xssProtection middleware
2020-04-22 13:51:32,226 INFO 16576 [egg-security] use dta middleware
2020-04-22 13:51:32,226 INFO 16576 [egg-security] compose 5 middlewares into one security middleware
2020-04-22 13:51:32,237 INFO 16576 [egg:core] dump config after load, 6ms
2020-04-22 13:51:32,285 INFO 16576 [egg-watcher:application] watcher start success
2020-04-22 13:51:32,341 INFO 16576 [egg:core] dump config after ready, 3ms
