2020-04-22 00:02:21,722 INFO 14229 [egg-schedule]: register schedule /Users/bidao/project/myself/rc-backend/node_modules/egg-multipart/app/schedule/clean_tmpdir.js
2020-04-22 00:02:21,722 INFO 14229 [egg-schedule]: register schedule /Users/bidao/project/myself/rc-backend/node_modules/egg-logrotator/app/schedule/clean_log.js
2020-04-22 00:02:21,722 INFO 14229 [egg-schedule]: register schedule /Users/bidao/project/myself/rc-backend/node_modules/egg-logrotator/app/schedule/rotate_by_file.js
2020-04-22 00:23:18,743 INFO 14329 [egg-schedule]: register schedule /Users/bidao/project/myself/rc-backend/node_modules/egg-multipart/app/schedule/clean_tmpdir.js
2020-04-22 00:23:18,743 INFO 14329 [egg-schedule]: register schedule /Users/bidao/project/myself/rc-backend/node_modules/egg-logrotator/app/schedule/clean_log.js
2020-04-22 00:23:18,743 INFO 14329 [egg-schedule]: register schedule /Users/bidao/project/myself/rc-backend/node_modules/egg-logrotator/app/schedule/rotate_by_file.js
2020-04-22 13:03:52,456 INFO 16443 [egg-schedule]: register schedule /Users/bidao/project/myself/rc-backend/node_modules/egg-multipart/app/schedule/clean_tmpdir.js
2020-04-22 13:03:52,456 INFO 16443 [egg-schedule]: register schedule /Users/bidao/project/myself/rc-backend/node_modules/egg-logrotator/app/schedule/clean_log.js
2020-04-22 13:03:52,456 INFO 16443 [egg-schedule]: register schedule /Users/bidao/project/myself/rc-backend/node_modules/egg-logrotator/app/schedule/rotate_by_file.js
2020-04-22 13:03:52,938 INFO 16442 [Timer] /Users/bidao/project/myself/rc-backend/node_modules/egg-multipart/app/schedule/clean_tmpdir.js next time will execute after 55567065ms at 2020-04-23 04:30:00.003
2020-04-22 13:03:52,938 INFO 16442 [Timer] /Users/bidao/project/myself/rc-backend/node_modules/egg-logrotator/app/schedule/clean_log.js next time will execute after 39367062ms at 2020-04-23 00:00:00.000
2020-04-22 13:03:52,939 INFO 16442 [Timer] /Users/bidao/project/myself/rc-backend/node_modules/egg-logrotator/app/schedule/rotate_by_file.js next time will execute after 39368062ms at 2020-04-23 00:00:01.001
2020-04-22 13:07:19,365 INFO 16465 [egg-schedule]: register schedule /Users/bidao/project/myself/rc-backend/node_modules/egg-multipart/app/schedule/clean_tmpdir.js
2020-04-22 13:07:19,365 INFO 16465 [egg-schedule]: register schedule /Users/bidao/project/myself/rc-backend/node_modules/egg-logrotator/app/schedule/clean_log.js
2020-04-22 13:07:19,365 INFO 16465 [egg-schedule]: register schedule /Users/bidao/project/myself/rc-backend/node_modules/egg-logrotator/app/schedule/rotate_by_file.js
2020-04-22 13:07:32,715 INFO 16467 [egg-schedule]: register schedule /Users/bidao/project/myself/rc-backend/node_modules/egg-multipart/app/schedule/clean_tmpdir.js
2020-04-22 13:07:32,715 INFO 16467 [egg-schedule]: register schedule /Users/bidao/project/myself/rc-backend/node_modules/egg-logrotator/app/schedule/clean_log.js
2020-04-22 13:07:32,715 INFO 16467 [egg-schedule]: register schedule /Users/bidao/project/myself/rc-backend/node_modules/egg-logrotator/app/schedule/rotate_by_file.js
2020-04-22 13:07:52,833 INFO 16473 [egg-schedule]: register schedule /Users/bidao/project/myself/rc-backend/node_modules/egg-multipart/app/schedule/clean_tmpdir.js
2020-04-22 13:07:52,833 INFO 16473 [egg-schedule]: register schedule /Users/bidao/project/myself/rc-backend/node_modules/egg-logrotator/app/schedule/clean_log.js
2020-04-22 13:07:52,833 INFO 16473 [egg-schedule]: register schedule /Users/bidao/project/myself/rc-backend/node_modules/egg-logrotator/app/schedule/rotate_by_file.js
2020-04-22 13:51:05,456 INFO 16572 [egg-schedule]: register schedule /Users/bidao/project/myself/rc-backend/node_modules/egg-multipart/app/schedule/clean_tmpdir.js
2020-04-22 13:51:05,456 INFO 16572 [egg-schedule]: register schedule /Users/bidao/project/myself/rc-backend/node_modules/egg-logrotator/app/schedule/clean_log.js
2020-04-22 13:51:05,456 INFO 16572 [egg-schedule]: register schedule /Users/bidao/project/myself/rc-backend/node_modules/egg-logrotator/app/schedule/rotate_by_file.js
2020-04-22 13:51:12,314 INFO 16574 [egg-schedule]: register schedule /Users/bidao/project/myself/rc-backend/node_modules/egg-multipart/app/schedule/clean_tmpdir.js
2020-04-22 13:51:12,314 INFO 16574 [egg-schedule]: register schedule /Users/bidao/project/myself/rc-backend/node_modules/egg-logrotator/app/schedule/clean_log.js
2020-04-22 13:51:12,314 INFO 16574 [egg-schedule]: register schedule /Users/bidao/project/myself/rc-backend/node_modules/egg-logrotator/app/schedule/rotate_by_file.js
2020-04-22 13:51:31,799 INFO 16576 [egg-schedule]: register schedule /Users/bidao/project/myself/rc-backend/node_modules/egg-multipart/app/schedule/clean_tmpdir.js
2020-04-22 13:51:31,799 INFO 16576 [egg-schedule]: register schedule /Users/bidao/project/myself/rc-backend/node_modules/egg-logrotator/app/schedule/clean_log.js
2020-04-22 13:51:31,799 INFO 16576 [egg-schedule]: register schedule /Users/bidao/project/myself/rc-backend/node_modules/egg-logrotator/app/schedule/rotate_by_file.js
